<?xml version="1.0" encoding="UTF-8"?>
<!-- Generated by org.testng.reporters.JUnitXMLReporter -->
<testsuite ignored="2" hostname="PD" failures="0" tests="1" name="Default test" time="0.044" errors="0" timestamp="2024-07-03T21:53:10 IST">
  <testcase classname="TestRostrum.countCharacterOccurance" name="countCharacterOccurance_method2" time="0.011"/>
  <testcase classname="TestRostrum.countCharacterOccurance" name="countCharacterOccurance_method3" time="0.0">
    <ignored/>
  </testcase> <!-- countCharacterOccurance_method3 -->
  <testcase classname="TestRostrum.countCharacterOccurance" name="countCharacterOccurance_method1" time="0.0">
    <ignored/>
  </testcase> <!-- countCharacterOccurance_method1 -->
</testsuite> <!-- Default test -->
