<?xml version="1.0" encoding="UTF-8"?>
<testng-results ignored="2" total="3" passed="1" failed="0" skipped="0">
  <reporter-output>
  </reporter-output>
  <suite started-at="2024-07-03T21:53:10 IST" name="Default suite" finished-at="2024-07-03T21:53:10 IST" duration-ms="44">
    <groups>
    </groups>
    <test started-at="2024-07-03T21:53:10 IST" name="Default test" finished-at="2024-07-03T21:53:10 IST" duration-ms="44">
      <class name="TestRostrum.countCharacterOccurance">
        <test-method signature="countCharacterOccurance_method2()[pri:0, instance:TestRostrum.countCharacterOccurance@63021689]" started-at="2024-07-03T21:53:10 IST" name="countCharacterOccurance_method2" finished-at="2024-07-03T21:53:10 IST" duration-ms="11" status="PASS">
          <reporter-output>
          </reporter-output>
        </test-method> <!-- countCharacterOccurance_method2 -->
      </class> <!-- TestRostrum.countCharacterOccurance -->
    </test> <!-- Default test -->
  </suite> <!-- Default suite -->
</testng-results>
